app/build/outputs/logs/manifest-merger-debug-report.txt
-- Merging decision tree log ---
manifest
ADDED from AndroidManifest.xml:17:1
	xmlns:android
		ADDED from AndroidManifest.xml:17:11
	package
		ADDED from AndroidManifest.xml:18:5
		INJECTED from AndroidManifest.xml:0:0
		INJECTED from AndroidManifest.xml:0:0
	android:versionName
		ADDED from AndroidManifest.xml:20:5
	android:versionCode
		ADDED from AndroidManifest.xml:19:5
		INJECTED from AndroidManifest.xml:0:0
		INJECTED from AndroidManifest.xml:0:0
uses-permission#android.permission.INTERNET
ADDED from AndroidManifest.xml:23:3
	android:name
		ADDED from AndroidManifest.xml:23:20
application
ADDED from AndroidManifest.xml:25:3
MERGED from com.android.support:appcompat-v7:22.2.1:22:5
MERGED from com.android.support:support-v4:22.2.1:22:5
	android:label
		ADDED from AndroidManifest.xml:25:16
activity#com.examples.youtubeapidemo.YouTubeAPIDemoActivity
ADDED from AndroidManifest.xml:27:5
	android:label
		ADDED from AndroidManifest.xml:28:9
	android:name
		ADDED from AndroidManifest.xml:29:9
intent-filter#android.intent.action.MAIN+android.intent.category.LAUNCHER
ADDED from AndroidManifest.xml:30:7
action#android.intent.action.MAIN
ADDED from AndroidManifest.xml:31:9
	android:name
		ADDED from AndroidManifest.xml:31:17
category#android.intent.category.LAUNCHER
ADDED from AndroidManifest.xml:32:9
	android:name
		ADDED from AndroidManifest.xml:32:19
meta-data#@string/isLaunchableActivity
ADDED from AndroidManifest.xml:34:7
	android:name
		ADDED from AndroidManifest.xml:34:18
	android:value
		ADDED from AndroidManifest.xml:34:62
activity#com.examples.youtubeapidemo.VideoWallDemoActivity
ADDED from AndroidManifest.xml:37:5
	android:screenOrientation
		ADDED from AndroidManifest.xml:40:9
	android:label
		ADDED from AndroidManifest.xml:38:9
	android:configChanges
		ADDED from AndroidManifest.xml:42:9
	android:theme
		ADDED from AndroidManifest.xml:41:9
	android:name
		ADDED from AndroidManifest.xml:39:9
meta-data#@string/minVersion
ADDED from AndroidManifest.xml:43:7
	android:name
		ADDED from AndroidManifest.xml:43:18
	android:value
		ADDED from AndroidManifest.xml:43:52
activity#com.examples.youtubeapidemo.VideoListDemoActivity
ADDED from AndroidManifest.xml:47:5
	android:label
		ADDED from AndroidManifest.xml:48:9
	android:configChanges
		ADDED from AndroidManifest.xml:50:9
	android:name
		ADDED from AndroidManifest.xml:49:9
activity#com.examples.youtubeapidemo.PlayerViewDemoActivity
ADDED from AndroidManifest.xml:55:5
	android:screenOrientation
		ADDED from AndroidManifest.xml:58:9
	android:label
		ADDED from AndroidManifest.xml:56:9
	android:configChanges
		ADDED from AndroidManifest.xml:59:9
	android:theme
		ADDED from AndroidManifest.xml:60:9
	android:name
		ADDED from AndroidManifest.xml:57:9
activity#com.examples.youtubeapidemo.FragmentDemoActivity
ADDED from AndroidManifest.xml:65:5
	android:screenOrientation
		ADDED from AndroidManifest.xml:68:9
	android:label
		ADDED from AndroidManifest.xml:66:9
	android:configChanges
		ADDED from AndroidManifest.xml:69:9
	android:name
		ADDED from AndroidManifest.xml:67:9
activity#com.examples.youtubeapidemo.PlayerControlsDemoActivity
ADDED from AndroidManifest.xml:74:5
	android:windowSoftInputMode
		ADDED from AndroidManifest.xml:77:9
	android:label
		ADDED from AndroidManifest.xml:75:9
	android:name
		ADDED from AndroidManifest.xml:76:9
activity#com.examples.youtubeapidemo.FullscreenDemoActivity
ADDED from AndroidManifest.xml:82:5
	android:screenOrientation
		ADDED from AndroidManifest.xml:85:9
	android:label
		ADDED from AndroidManifest.xml:83:9
	android:configChanges
		ADDED from AndroidManifest.xml:86:9
	android:theme
		ADDED from AndroidManifest.xml:87:9
	android:name
		ADDED from AndroidManifest.xml:84:9
activity#com.examples.youtubeapidemo.ActionBarDemoActivity
ADDED from AndroidManifest.xml:92:5
	android:screenOrientation
		ADDED from AndroidManifest.xml:97:9
	android:label
		ADDED from AndroidManifest.xml:93:9
	android:configChanges
		ADDED from AndroidManifest.xml:95:9
	android:theme
		ADDED from AndroidManifest.xml:96:9
	android:name
		ADDED from AndroidManifest.xml:94:9
activity#com.examples.youtubeapidemo.StandalonePlayerDemoActivity
ADDED from AndroidManifest.xml:102:5
	android:label
		ADDED from AndroidManifest.xml:103:9
	android:name
		ADDED from AndroidManifest.xml:104:9
activity#com.examples.youtubeapidemo.IntentsDemoActivity
ADDED from AndroidManifest.xml:109:5
	android:label
		ADDED from AndroidManifest.xml:110:9
	android:name
		ADDED from AndroidManifest.xml:111:9
uses-sdk
INJECTED from AndroidManifest.xml:0:0 reason: use-sdk injection requested
MERGED from com.android.support:appcompat-v7:22.2.1:20:5
MERGED from com.android.support:support-v4:22.2.1:20:5
	android:targetSdkVersion
		INJECTED from AndroidManifest.xml:0:0
		INJECTED from AndroidManifest.xml:0:0
	android:minSdkVersion
		INJECTED from AndroidManifest.xml:0:0
		INJECTED from AndroidManifest.xml:0:0